<?xml version="1.0" encoding="UTF-8"?>
<!-- Generated by org.testng.reporters.JUnitReportReporter -->
<testsuite hostname="DESKTOP-24CUK9I" failures="0" tests="1" name="com.TestCases.LoginTest" time="3.027" errors="0" timestamp="2025-08-28T23:15:01 IST" skipped="0">
  <testcase classname="com.TestCases.LoginTest" name="method" time="3.027"/>
</testsuite> <!-- com.TestCases.LoginTest -->
